gsshop-android/build/intermediates/manifest_merge_blame_file/developFullDebug/manifest-merger-blame-develop-full-debug-report.txt
1<?xml version="1.0" encoding="utf-8"?>
2<!-- 서명값 : 2riARVqySzbfYzYtr7mWBPDJyLI= -->
3<manifest xmlns:android="http://schemas.android.com/apk/res/android"
4    package="gsshop.mobile.v2"
5    android:versionCode="321"
6    android:versionName="7.0.10" >
7    <!--
8      마켓 등록 완료/공개 후에 서버단 /apis/AndroidLatestVersion 값을
9      위 versionName 값으로 변경해줄 것.
10    -->
11    <!-- 지원버전 : Gingerbread(2.3.3)부터, Facebook SDK의 경우 minSdkVersion=15 이기때문에 overrideLibrary 사용 -->
12    <uses-sdk
12-->src\main\AndroidManifest.xml:15:5-16:370
13        android:minSdkVersion="21"
13-->src\main\AndroidManifest.xml:15:5-16:370
14        android:targetSdkVersion="29" />
14-->src\main\AndroidManifest.xml:15:5-16:370
15
16    <supports-screens
16-->src\main\AndroidManifest.xml:18:5-22:40
17        android:largeScreens="true"
17-->src\main\AndroidManifest.xml:19:9-36
18        android:normalScreens="true"
18-->src\main\AndroidManifest.xml:20:9-37
19        android:smallScreens="true"
19-->src\main\AndroidManifest.xml:21:9-36
20        android:xlargeScreens="true" />
20-->src\main\AndroidManifest.xml:22:9-37
21
22    <uses-permission android:name="android.permission.INTERNET" />
22-->src\main\AndroidManifest.xml:24:5-67
22-->src\main\AndroidManifest.xml:24:22-64
23    <uses-permission android:name="android.permission.WRITE_EXTERNAL_STORAGE" />
23-->src\main\AndroidManifest.xml:25:5-81
23-->src\main\AndroidManifest.xml:25:22-78
24    <uses-permission android:name="android.permission.ACCESS_NETWORK_STATE" />
24-->src\main\AndroidManifest.xml:26:5-79
24-->src\main\AndroidManifest.xml:26:22-76
25    <uses-permission android:name="android.permission.ACCESS_WIFI_STATE" />
25-->src\main\AndroidManifest.xml:27:5-76
25-->src\main\AndroidManifest.xml:27:22-73
26    <uses-permission android:name="android.permission.REORDER_TASKS" />
26-->src\main\AndroidManifest.xml:28:5-72
26-->src\main\AndroidManifest.xml:28:22-69
27    <uses-permission android:name="android.permission.READ_EXTERNAL_STORAGE" />
27-->src\main\AndroidManifest.xml:29:5-80
27-->src\main\AndroidManifest.xml:29:22-77
28    <uses-permission android:name="android.permission.SYSTEM_ALERT_WINDOW" />
28-->src\main\AndroidManifest.xml:30:5-78
28-->src\main\AndroidManifest.xml:30:22-75
29
30    <!-- SMS 자동입력 미사용으로 인한 권한 삭제 20190213 -->
31    <!-- pickup service -->
32    <!-- <uses-permission android:name="android.permission.ACCESS_FINE_LOCATION" /> -->
33    <!-- <uses-permission android:name="android.permission.ACCESS_COARSE_LOCATION" /> -->
34
35
36    <!-- Needed only if your app targets Android 5.0 (API level 21) or higher. -->
37    <!-- <uses-feature android:name="android.hardware.location.gps" /> -->
38
39
40    <!-- 전화기능 없는 폰도 지원 -->
41    <uses-feature
41-->src\main\AndroidManifest.xml:42:5-44:36
42        android:name="android.hardware.telephony"
42-->src\main\AndroidManifest.xml:43:9-50
43        android:required="false" />
43-->src\main\AndroidManifest.xml:44:9-33
44
45    <!-- 전화번호 정보조회, 상담 센터 전화번호 연결시 필요 -->
46    <uses-permission android:name="android.permission.READ_PHONE_STATE" />
46-->src\main\AndroidManifest.xml:47:5-75
46-->src\main\AndroidManifest.xml:47:22-72
47    <!-- <uses-permission android:name="android.permission.CALL_PHONE" /> -->
48
49
50    <!--
51     Creates a custom permission so only this app can receive its messages.
52     NOTE: the permission *must* be called PACKAGE.permission.C2D_MESSAGE,
53           where PACKAGE is the application's package name.
54    -->
55    <!-- GS SHOP GCM -->
56    <permission
56-->src\main\AndroidManifest.xml:56:5-58:47
57        android:name="gsshop.mobile.v2.permission.C2D_MESSAGE"
57-->src\main\AndroidManifest.xml:57:9-63
58        android:protectionLevel="signature" />
58-->src\main\AndroidManifest.xml:58:9-44
59    <!-- Mocha GCM -->
60    <uses-permission android:name="gsshop.mobile.v2.permission.C2D_MESSAGE" />
60-->src\main\AndroidManifest.xml:60:5-79
60-->src\main\AndroidManifest.xml:60:22-76
61    <uses-permission android:name="com.google.android.c2dm.permission.RECEIVE" />
61-->src\main\AndroidManifest.xml:61:5-82
61-->src\main\AndroidManifest.xml:61:22-79
62    <uses-permission android:name="android.permission.RECEIVE_BOOT_COMPLETED" />
62-->src\main\AndroidManifest.xml:62:5-81
62-->src\main\AndroidManifest.xml:62:22-78
63    <uses-permission android:name="android.permission.WAKE_LOCK" />
63-->src\main\AndroidManifest.xml:63:5-68
63-->src\main\AndroidManifest.xml:63:22-65
64    <uses-permission android:name="android.permission.GET_TASKS" />
64-->src\main\AndroidManifest.xml:64:5-68
64-->src\main\AndroidManifest.xml:64:22-65
65    <!-- <uses-permission android:name="android.permission.DEVICE_POWER"/> -->
66    <uses-permission android:name="android.permission.DISABLE_KEYGUARD" />
66-->src\main\AndroidManifest.xml:66:5-75
66-->src\main\AndroidManifest.xml:66:22-72
67    <uses-permission android:name="android.permission.VIBRATE" />
67-->src\main\AndroidManifest.xml:67:5-66
67-->src\main\AndroidManifest.xml:67:22-63
68    <!-- QR코드 검색 및 상품평 사진찍기 화면에서 카메라 사용 카메라 사용부분 추가됨. -->
69    <uses-permission android:name="android.permission.CAMERA" />
69-->src\main\AndroidManifest.xml:69:5-65
69-->src\main\AndroidManifest.xml:69:22-62
70
71    <!--
72    후면 카메라 없는 폰도 지원(ex. 넥서스7)
73    <uses-feature
74        android:name="android.hardware.camera"
75        android:required="false"/>
76    <uses-feature
77        android:name="android.hardware.camera.autofocus"
78        android:required="false"/>
79    -->
80
81
82    <!-- 앱종료를 위한 퍼미션 추가 -->
83    <uses-permission android:name="android.permission.KILL_BACKGROUND_PROCESSES" />
83-->src\main\AndroidManifest.xml:80:5-84
83-->src\main\AndroidManifest.xml:80:22-81
84
85    <!-- 지문인식 permission -->
86    <uses-permission android:name="android.permission.USE_FINGERPRINT" />
86-->src\main\AndroidManifest.xml:83:5-73
86-->src\main\AndroidManifest.xml:83:22-71
87    <!-- 삼성 지문인식 모듈 -->
88    <uses-permission android:name="com.samsung.android.providers.context.permission.WRITE_USE_APP_FEATURE_SURVEY" />
88-->src\main\AndroidManifest.xml:85:5-116
88-->src\main\AndroidManifest.xml:85:22-114
89
90    <queries>
90-->[io.airbridge:sdk-android:2.10.0] AndroidManifest.xml:11:5-20:15
91        <package android:name="com.android.vending" />
91-->[io.airbridge:sdk-android:2.10.0] AndroidManifest.xml:12:9-55
91-->[io.airbridge:sdk-android:2.10.0] AndroidManifest.xml:12:18-52
92        <package android:name="com.google.android.gms" />
92-->[io.airbridge:sdk-android:2.10.0] AndroidManifest.xml:13:9-58
92-->[io.airbridge:sdk-android:2.10.0] AndroidManifest.xml:13:18-55
93        <package android:name="com.huawei.hwid" />
93-->[io.airbridge:sdk-android:2.10.0] AndroidManifest.xml:14:9-51
93-->[io.airbridge:sdk-android:2.10.0] AndroidManifest.xml:14:18-48
94        <package android:name="com.skt.skaf.A000Z00040" />
94-->[io.airbridge:sdk-android:2.10.0] AndroidManifest.xml:15:9-59
94-->[io.airbridge:sdk-android:2.10.0] AndroidManifest.xml:15:18-56
95        <package android:name="com.kt.olleh.storefront" />
95-->[io.airbridge:sdk-android:2.10.0] AndroidManifest.xml:16:9-59
95-->[io.airbridge:sdk-android:2.10.0] AndroidManifest.xml:16:18-56
96        <package android:name="com.kt.olleh.istore" />
96-->[io.airbridge:sdk-android:2.10.0] AndroidManifest.xml:17:9-55
96-->[io.airbridge:sdk-android:2.10.0] AndroidManifest.xml:17:18-52
97        <package android:name="com.lguplus.appstore" />
97-->[io.airbridge:sdk-android:2.10.0] AndroidManifest.xml:18:9-56
97-->[io.airbridge:sdk-android:2.10.0] AndroidManifest.xml:18:18-53
98        <package android:name="android.lgt.appstore" />
98-->[io.airbridge:sdk-android:2.10.0] AndroidManifest.xml:19:9-56
98-->[io.airbridge:sdk-android:2.10.0] AndroidManifest.xml:19:18-53
99    </queries>
100
101    <uses-permission android:name="com.google.android.finsky.permission.BIND_GET_INSTALL_REFERRER_SERVICE" /> <!-- 메인웹페이지 원활한 스크롤링을 위해 하드웨어 가속 켬. -->
101-->[io.airbridge:sdk-android:2.10.0] AndroidManifest.xml:25:5-110
101-->[io.airbridge:sdk-android:2.10.0] AndroidManifest.xml:25:22-107
102    <application
102-->src\main\AndroidManifest.xml:88:5-958:19
103        android:name="gsshop.mobile.v2.MainApplication"
103-->src\main\AndroidManifest.xml:89:9-56
104        android:allowBackup="false"
104-->src\main\AndroidManifest.xml:90:9-36
105        android:appComponentFactory="androidx.core.app.CoreComponentFactory"
105-->[androidx.core:core:1.6.0-rc01] AndroidManifest.xml:24:18-86
106        android:debuggable="true"
107        android:fullBackupContent="false"
107-->src\main\AndroidManifest.xml:91:9-42
108        android:hardwareAccelerated="true"
108-->src\main\AndroidManifest.xml:92:9-43
109        android:icon="@drawable/app_icon"
109-->src\main\AndroidManifest.xml:93:9-42
110        android:label="@string/app_name"
110-->src\main\AndroidManifest.xml:94:9-41
111        android:largeHeap="true"
111-->src\main\AndroidManifest.xml:96:9-33
112        android:requestLegacyExternalStorage="true"
112-->src\main\AndroidManifest.xml:98:9-52
113        android:supportsRtl="false"
113-->src\main\AndroidManifest.xml:95:9-36
114        android:testOnly="true"
115        android:theme="@style/AppTheme"
115-->src\main\AndroidManifest.xml:99:9-40
116        android:usesCleartextTraffic="true" >
116-->src\main\AndroidManifest.xml:97:9-44
117        <uses-library
117-->src\main\AndroidManifest.xml:101:9-88
118            android:name="org.apache.http.legacy"
118-->src\main\AndroidManifest.xml:101:23-60
119            android:required="false" />
119-->src\main\AndroidManifest.xml:101:61-85
120
121        <!--
122          인트로 화면.
123          인트로 실행 중 PUSH 알림 수신시 액티비티 재활용하기 위해 singleTop으로 설정.
124          TODO android:noHistory="true" 추가후 테스트.
125        -->
126        <activity
126-->src\main\AndroidManifest.xml:108:9-120:20
127            android:name="gsshop.mobile.v2.intro.IntroActivity"
127-->src\main\AndroidManifest.xml:109:13-48
128            android:configChanges="keyboardHidden|orientation"
128-->src\main\AndroidManifest.xml:110:13-63
129            android:label="@string/app_name"
129-->src\main\AndroidManifest.xml:111:13-45
130            android:launchMode="singleTop"
130-->src\main\AndroidManifest.xml:112:13-43
131            android:screenOrientation="portrait"
131-->src\main\AndroidManifest.xml:113:13-49
132            android:theme="@style/NoTitleBlackBackgroundTheme" >
132-->src\main\AndroidManifest.xml:114:13-63
133            <intent-filter>
133-->src\main\AndroidManifest.xml:115:13-119:29
134                <action android:name="android.intent.action.MAIN" />
134-->src\main\AndroidManifest.xml:116:17-69
134-->src\main\AndroidManifest.xml:116:25-66
135
136                <category android:name="android.intent.category.LAUNCHER" />
136-->src\main\AndroidManifest.xml:118:17-77
136-->src\main\AndroidManifest.xml:118:27-74
137            </intent-filter>
138        </activity>
139
140        <!-- APP Home -->
141        <activity
141-->src\main\AndroidManifest.xml:123:9-134:20
142            android:name="gsshop.mobile.v2.home.HomeActivity"
142-->src\main\AndroidManifest.xml:124:13-46
143            android:exported="false"
143-->src\main\AndroidManifest.xml:126:13-37
144            android:label=""
144-->src\main\AndroidManifest.xml:125:13-29
145            android:screenOrientation="portrait"
145-->src\main\AndroidManifest.xml:127:13-49
146            android:windowSoftInputMode="adjustNothing" >
146-->src\main\AndroidManifest.xml:128:13-56
147            <intent-filter>
147-->src\main\AndroidManifest.xml:129:13-133:29
148                <action android:name="gsshop.intent.action.APP_HOME" />
148-->src\main\AndroidManifest.xml:130:17-72
148-->src\main\AndroidManifest.xml:130:25-69
149
150                <category android:name="android.intent.category.DEFAULT" />
150-->src\main\AndroidManifest.xml:132:17-76
150-->src\main\AndroidManifest.xml:132:27-73
151            </intent-filter>
152        </activity>
153
154        <!-- 웹 화면 -->
155        <activity
155-->src\main\AndroidManifest.xml:137:9-149:20
156            android:name="gsshop.mobile.v2.web.WebActivity"
156-->src\main\AndroidManifest.xml:138:13-44
157            android:configChanges="orientation|screenSize"
157-->src\main\AndroidManifest.xml:139:13-59
158            android:exported="false"
158-->src\main\AndroidManifest.xml:140:13-37
159            android:launchMode="singleTop"
159-->src\main\AndroidManifest.xml:141:13-43
160            android:screenOrientation="portrait"
160-->src\main\AndroidManifest.xml:142:13-49
161            android:windowSoftInputMode="adjustResize" >
161-->src\main\AndroidManifest.xml:143:13-55
162            <intent-filter>
162-->src\main\AndroidManifest.xml:144:13-148:29
163                <action android:name="gsshop.intent.action.WEB" />
163-->src\main\AndroidManifest.xml:145:17-67
163-->src\main\AndroidManifest.xml:145:25-64
164
165                <category android:name="android.intent.category.DEFAULT" />
165-->src\main\AndroidManifest.xml:132:17-76
165-->src\main\AndroidManifest.xml:132:27-73
166            </intent-filter>
167        </activity>
168        <activity
168-->src\main\AndroidManifest.xml:151:9-162:20
169            android:name="gsshop.mobile.v2.web.NalbangWebActivity"
169-->src\main\AndroidManifest.xml:152:13-51
170            android:configChanges="orientation|screenSize"
170-->src\main\AndroidManifest.xml:153:13-59
171            android:exported="false"
171-->src\main\AndroidManifest.xml:154:13-37
172            android:launchMode="singleTask"
172-->src\main\AndroidManifest.xml:155:13-44
173            android:screenOrientation="portrait"
173-->src\main\AndroidManifest.xml:156:13-49
174            android:windowSoftInputMode="adjustResize" >
174-->src\main\AndroidManifest.xml:157:13-55
175            <intent-filter>
175-->src\main\AndroidManifest.xml:158:13-161:29
176                <action android:name="gsshop.intent.action.WEB_NALBANG" />
176-->src\main\AndroidManifest.xml:159:17-75
176-->src\main\AndroidManifest.xml:159:25-72
177
178                <category android:name="android.intent.category.DEFAULT" />
178-->src\main\AndroidManifest.xml:132:17-76
178-->src\main\AndroidManifest.xml:132:27-73
179            </intent-filter>
180        </activity>
181        <activity
181-->src\main\AndroidManifest.xml:164:9-176:20
182            android:name="gsshop.mobile.v2.support.tv.MobileLiveChatPlayActivity"
182-->src\main\AndroidManifest.xml:165:13-66
183            android:configChanges="orientation|screenSize"
183-->src\main\AndroidManifest.xml:167:13-59
184            android:exported="false"
184-->src\main\AndroidManifest.xml:168:13-37
185            android:launchMode="singleTop"
185-->src\main\AndroidManifest.xml:169:13-43
186            android:screenOrientation="portrait"
186-->src\main\AndroidManifest.xml:170:13-49
187            android:theme="@android:style/Theme.NoTitleBar"
187-->src\main\AndroidManifest.xml:166:13-60
188            android:windowSoftInputMode="adjustResize" >
188-->src\main\AndroidManifest.xml:171:13-55
189            <intent-filter>
189-->src\main\AndroidManifest.xml:172:13-175:29
190                <action android:name="gsshop.intent.action.MOBILELIVE_FULL_VIDEO_PLAYER" />
190-->src\main\AndroidManifest.xml:173:17-92
190-->src\main\AndroidManifest.xml:173:25-89
191
192                <category android:name="android.intent.category.DEFAULT" />
192-->src\main\AndroidManifest.xml:132:17-76
192-->src\main\AndroidManifest.xml:132:27-73
193            </intent-filter>
194        </activity>
195
196        <!-- Live Talk -->
197        <activity
197-->src\main\AndroidManifest.xml:179:9-190:20
198            android:name="gsshop.mobile.v2.web.LiveTalkWebActivity"
198-->src\main\AndroidManifest.xml:180:13-52
199            android:configChanges="orientation|screenSize"
199-->src\main\AndroidManifest.xml:181:13-59
200            android:exported="false"
200-->src\main\AndroidManifest.xml:182:13-37
201            android:launchMode="singleTask"
201-->src\main\AndroidManifest.xml:183:13-44
202            android:screenOrientation="portrait"
202-->src\main\AndroidManifest.xml:184:13-49
203            android:windowSoftInputMode="adjustResize" >
203-->src\main\AndroidManifest.xml:185:13-55
204            <intent-filter>
204-->src\main\AndroidManifest.xml:186:13-189:29
205                <action android:name="gsshop.intent.action.WEB_LIVETALK" />
205-->src\main\AndroidManifest.xml:187:17-76
205-->src\main\AndroidManifest.xml:187:25-73
206
207                <category android:name="android.intent.category.DEFAULT" />
207-->src\main\AndroidManifest.xml:132:17-76
207-->src\main\AndroidManifest.xml:132:27-73
208            </intent-filter>
209        </activity>
210
211        <!-- 모달웹 화면 -->
212        <activity
212-->src\main\AndroidManifest.xml:193:9-197:55
213            android:name="gsshop.mobile.v2.web.ModalWebActivity"
213-->src\main\AndroidManifest.xml:194:13-49
214            android:launchMode="singleTop"
214-->src\main\AndroidManifest.xml:195:13-43
215            android:screenOrientation="portrait"
215-->src\main\AndroidManifest.xml:196:13-49
216            android:windowSoftInputMode="adjustPan" />
216-->src\main\AndroidManifest.xml:197:13-52
217
218        <!-- 상단 Titlebar 모달웹 화면 (Backbtn 존재) -->
219        <!--
220             기존에 모달웹을 사용하려 했지만 전달받는 UI 및 위치등이 달라서 새로 선언
221            굳이 기존 모달웹을 상속받아 사용할 필요성을 느끼지 못해 BaseWebActivity만 상속
222        -->
223        <activity
223-->src\main\AndroidManifest.xml:202:9-206:55
224            android:name="gsshop.mobile.v2.web.OutsiteModalWebActivity"
224-->src\main\AndroidManifest.xml:203:13-56
225            android:launchMode="singleTop"
225-->src\main\AndroidManifest.xml:204:13-43
226            android:screenOrientation="portrait"
226-->src\main\AndroidManifest.xml:205:13-49
227            android:windowSoftInputMode="adjustPan" />
227-->src\main\AndroidManifest.xml:206:13-52
228
229        <!-- 모달웹 화면(상단 타이틀영역 없음) -->
230        <activity
230-->src\main\AndroidManifest.xml:209:9-212:58
231            android:name="gsshop.mobile.v2.web.FullModalWebActivity"
231-->src\main\AndroidManifest.xml:210:13-53
232            android:screenOrientation="portrait"
232-->src\main\AndroidManifest.xml:211:13-49
233            android:windowSoftInputMode="adjustResize" />
233-->src\main\AndroidManifest.xml:212:13-55
234
235        <!-- 배경이 투명한 모달 웹 화면 -->
236        <activity
236-->src\main\AndroidManifest.xml:215:9-223:20
237            android:name="gsshop.mobile.v2.web.TransparentModalWebActivity"
237-->src\main\AndroidManifest.xml:216:13-60
238            android:theme="@style/DirectOrder"
238-->src\main\AndroidManifest.xml:217:13-47
239            android:windowSoftInputMode="adjustPan" >
239-->src\main\AndroidManifest.xml:218:13-52
240            <intent-filter>
240-->src\main\AndroidManifest.xml:219:13-222:29
241                <action android:name="gsshop.intent.action.TRANSPARENT_MODAL_WEB" />
241-->src\main\AndroidManifest.xml:220:17-85
241-->src\main\AndroidManifest.xml:220:25-82
242
243                <category android:name="android.intent.category.DEFAULT" />
243-->src\main\AndroidManifest.xml:132:17-76
243-->src\main\AndroidManifest.xml:132:27-73
244            </intent-filter>
245        </activity>
246
247        <!-- 탭 메뉴가 없는 웹 화면 -->
248        <!-- 날방 호출시 맨위에 NoTabWebActivity가 하나만 존재, singleTop 지정 -->
249        <activity
249-->src\main\AndroidManifest.xml:227:9-238:20
250            android:name="gsshop.mobile.v2.web.NoTabWebActivity"
250-->src\main\AndroidManifest.xml:228:13-49
251            android:configChanges="screenSize|orientation"
251-->src\main\AndroidManifest.xml:231:13-59
252            android:launchMode="singleTop"
252-->src\main\AndroidManifest.xml:229:13-43
253            android:screenOrientation="portrait"
253-->src\main\AndroidManifest.xml:230:13-49
254            android:windowSoftInputMode="adjustResize" >
254-->src\main\AndroidManifest.xml:232:13-55
255            <intent-filter>
255-->src\main\AndroidManifest.xml:233:13-237:29
256                <action android:name="gsshop.intent.action.NO_TAB_WEB" />
256-->src\main\AndroidManifest.xml:234:17-74
256-->src\main\AndroidManifest.xml:234:25-71
257
258                <category android:name="android.intent.category.DEFAULT" />
258-->src\main\AndroidManifest.xml:132:17-76
258-->src\main\AndroidManifest.xml:132:27-73
259            </intent-filter>
260        </activity>
261
262        <!-- 탭 메뉴가 없는 웹 화면 -->
263        <!-- 날방 호출시 맨위에 NoTabWebActivity가 하나만 존재, singleTop 지정 -->
264        <activity
264-->src\main\AndroidManifest.xml:242:9-252:20
265            android:name="gsshop.mobile.v2.web.productDetail.ProductDetailWebActivityV2"
265-->src\main\AndroidManifest.xml:243:13-73
266            android:configChanges="screenSize|orientation"
266-->src\main\AndroidManifest.xml:244:13-59
267            android:screenOrientation="portrait"
267-->src\main\AndroidManifest.xml:245:13-49
268            android:windowSoftInputMode="adjustResize" >
268-->src\main\AndroidManifest.xml:246:13-55
269            <intent-filter>
269-->src\main\AndroidManifest.xml:247:13-251:29
270                <action android:name="gsshop.intent.action.PRODUCT_DETAIL_NATIVE_WEB" />
270-->src\main\AndroidManifest.xml:248:17-89
270-->src\main\AndroidManifest.xml:248:25-86
271
272                <category android:name="android.intent.category.DEFAULT" />
272-->src\main\AndroidManifest.xml:132:17-76
272-->src\main\AndroidManifest.xml:132:27-73
273            </intent-filter>
274        </activity>
275
276        <!-- 기존에 NoTabWebActivity와 별개로 새로 액티비티 생성 -->
277        <!-- 기존에 사용하던 NoTabWebActivity에 간섭 우려로 인해 -->
278        <activity
278-->src\main\AndroidManifest.xml:256:9-266:20
279            android:name="gsshop.mobile.v2.web.TvMembersActivity"
279-->src\main\AndroidManifest.xml:257:13-50
280            android:launchMode="singleTop"
280-->src\main\AndroidManifest.xml:258:13-43
281            android:screenOrientation="portrait"
281-->src\main\AndroidManifest.xml:259:13-49
282            android:windowSoftInputMode="adjustResize" >
282-->src\main\AndroidManifest.xml:260:13-55
283            <intent-filter>
283-->src\main\AndroidManifest.xml:261:13-265:29
284                <action android:name="gsshop.intent.action.TV_MEMBERS_WEB" />
284-->src\main\AndroidManifest.xml:262:17-78
284-->src\main\AndroidManifest.xml:262:25-75
285
286                <category android:name="android.intent.category.DEFAULT" />
286-->src\main\AndroidManifest.xml:132:17-76
286-->src\main\AndroidManifest.xml:132:27-73
287            </intent-filter>
288        </activity>
289
290        <!-- 마이쇼핑 웹 화면 singleTop 탭기능으로 -->
291        <activity
291-->src\main\AndroidManifest.xml:269:9-278:20
292            android:name="gsshop.mobile.v2.web.MyShopWebActivity"
292-->src\main\AndroidManifest.xml:270:13-50
293            android:screenOrientation="portrait"
293-->src\main\AndroidManifest.xml:271:13-49
294            android:windowSoftInputMode="adjustPan" >
294-->src\main\AndroidManifest.xml:272:13-52
295            <intent-filter>
295-->src\main\AndroidManifest.xml:273:13-277:29
296                <action android:name="gsshop.intent.action.MY_SHOP_WEB" />
296-->src\main\AndroidManifest.xml:274:17-75
296-->src\main\AndroidManifest.xml:274:25-72
297
298                <category android:name="android.intent.category.DEFAULT" />
298-->src\main\AndroidManifest.xml:132:17-76
298-->src\main\AndroidManifest.xml:132:27-73
299            </intent-filter>
300        </activity>
301
302        <!-- 주문서 웹 화면 -->
303        <activity
303-->src\main\AndroidManifest.xml:281:9-290:20
304            android:name="gsshop.mobile.v2.web.OrderWebActivity"
304-->src\main\AndroidManifest.xml:282:13-49
305            android:screenOrientation="portrait"
305-->src\main\AndroidManifest.xml:283:13-49
306            android:windowSoftInputMode="adjustResize" >
306-->src\main\AndroidManifest.xml:284:13-55
307            <intent-filter>
307-->src\main\AndroidManifest.xml:285:13-289:29
308                <action android:name="gsshop.intent.action.ORDER_WEB" />
308-->src\main\AndroidManifest.xml:286:17-73
308-->src\main\AndroidManifest.xml:286:25-70
309
310                <category android:name="android.intent.category.DEFAULT" />
310-->src\main\AndroidManifest.xml:132:17-76
310-->src\main\AndroidManifest.xml:132:27-73
311            </intent-filter>
312        </activity>
313
314        <!-- 하단탭 없는 주문서 웹 화면 -->
315        <activity
315-->src\main\AndroidManifest.xml:293:9-302:20
316            android:name="gsshop.mobile.v2.web.OrderNoTabWebActivity"
316-->src\main\AndroidManifest.xml:294:13-54
317            android:screenOrientation="portrait"
317-->src\main\AndroidManifest.xml:295:13-49
318            android:windowSoftInputMode="adjustResize" >
318-->src\main\AndroidManifest.xml:296:13-55
319            <intent-filter>
319-->src\main\AndroidManifest.xml:297:13-301:29
320                <action android:name="gsshop.intent.action.ORDER_NOTAB_WEB" />
320-->src\main\AndroidManifest.xml:298:17-79
320-->src\main\AndroidManifest.xml:298:25-76
321
322                <category android:name="android.intent.category.DEFAULT" />
322-->src\main\AndroidManifest.xml:132:17-76
322-->src\main\AndroidManifest.xml:132:27-73
323            </intent-filter>
324        </activity>
325        <activity
325-->src\main\AndroidManifest.xml:304:9-313:20
326            android:name="gsshop.mobile.v2.web.MobileLiveNoTabWebActivity"
326-->src\main\AndroidManifest.xml:305:13-59
327            android:screenOrientation="portrait"
327-->src\main\AndroidManifest.xml:306:13-49
328            android:windowSoftInputMode="adjustResize" >
328-->src\main\AndroidManifest.xml:307:13-55
329            <intent-filter>
329-->src\main\AndroidManifest.xml:308:13-312:29
330                <action android:name="gsshop.intent.action.MOBILELIVE_NOTAB_WEB" />
330-->src\main\AndroidManifest.xml:309:17-84
330-->src\main\AndroidManifest.xml:309:25-81
331
332                <category android:name="android.intent.category.DEFAULT" />
332-->src\main\AndroidManifest.xml:132:17-76
332-->src\main\AndroidManifest.xml:132:27-73
333            </intent-filter>
334        </activity>
335
336        <!-- 바로구매 웹 화면 -->
337        <activity
337-->src\main\AndroidManifest.xml:316:9-325:20
338            android:name="gsshop.mobile.v2.web.DirectOrderWebActivity"
338-->src\main\AndroidManifest.xml:317:13-55
339            android:theme="@style/DirectOrder"
339-->src\main\AndroidManifest.xml:318:13-47
340            android:windowSoftInputMode="adjustPan" >
340-->src\main\AndroidManifest.xml:319:13-52
341            <intent-filter>
341-->src\main\AndroidManifest.xml:320:13-324:29
342                <action android:name="gsshop.intent.action.DIRECT_ORDER_WEB" />
342-->src\main\AndroidManifest.xml:321:17-80
342-->src\main\AndroidManifest.xml:321:25-77
343
344                <category android:name="android.intent.category.DEFAULT" />
344-->src\main\AndroidManifest.xml:132:17-76
344-->src\main\AndroidManifest.xml:132:27-73
345            </intent-filter>
346        </activity>
347
348        <!--
349          커스텀 URI 스키마를 통해 우리앱을 실행하고자 하는 경우 관문 역할을 하는 액티비티.
350          data 스키마는 반드시 'gsshopmobile'로 설정해야하며, 외부앱(브라우저, ISP앱 등)에서
351          호출할 수 있어야하므로 exported=false로 설정하면 안된다.
352        -->
353        <activity
353-->src\main\AndroidManifest.xml:332:9-390:20
354            android:name="gsshop.mobile.v2.support.scheme.SchemeGatewayActivity"
354-->src\main\AndroidManifest.xml:333:13-65
355            android:excludeFromRecents="false"
355-->src\main\AndroidManifest.xml:334:13-47
356            android:exported="true"
356-->src\main\AndroidManifest.xml:335:13-36
357            android:launchMode="singleTask"
357-->src\main\AndroidManifest.xml:336:13-44
358            android:noHistory="false" >
358-->src\main\AndroidManifest.xml:337:13-38
359            <intent-filter android:autoVerify="true" >
359-->src\main\AndroidManifest.xml:338:13-346:29
359-->src\main\AndroidManifest.xml:338:28-53
360                <action android:name="android.intent.action.VIEW" />
360-->src\main\AndroidManifest.xml:339:17-69
360-->src\main\AndroidManifest.xml:339:25-66
361
362                <category android:name="android.intent.category.DEFAULT" />
362-->src\main\AndroidManifest.xml:132:17-76
362-->src\main\AndroidManifest.xml:132:27-73
363                <category android:name="android.intent.category.BROWSABLE" />
363-->src\main\AndroidManifest.xml:342:17-78
363-->src\main\AndroidManifest.xml:342:27-75
364
365                <data
365-->src\main\AndroidManifest.xml:344:17-112
366                    android:host="gsshop.deeplink.page"
366-->src\main\AndroidManifest.xml:344:74-109
367                    android:scheme="@string/airbridge_app_scheme_http" />
367-->src\main\AndroidManifest.xml:344:23-73
368                <data
368-->src\main\AndroidManifest.xml:344:17-112
369                    android:host="gsshop.deeplink.page"
369-->src\main\AndroidManifest.xml:344:74-109
370                    android:scheme="@string/airbridge_app_scheme_https" />
370-->src\main\AndroidManifest.xml:344:23-73
371            </intent-filter>
372            <intent-filter>
372-->src\main\AndroidManifest.xml:348:13-355:29
373                <action android:name="android.intent.action.VIEW" />
373-->src\main\AndroidManifest.xml:339:17-69
373-->src\main\AndroidManifest.xml:339:25-66
374
375                <category android:name="android.intent.category.DEFAULT" />
375-->src\main\AndroidManifest.xml:132:17-76
375-->src\main\AndroidManifest.xml:132:27-73
376                <category android:name="android.intent.category.BROWSABLE" />
376-->src\main\AndroidManifest.xml:342:17-78
376-->src\main\AndroidManifest.xml:342:27-75
377
378                <data android:scheme="gsshopmobile" />
378-->src\main\AndroidManifest.xml:344:17-112
378-->src\main\AndroidManifest.xml:344:23-73
379            </intent-filter>